Wed, 20 Aug 2008 23:47:17 GMT  ~  info  ~  Logfile created
 ~ Unknown database 'pens' - (Mysql::Error)
/usr/local/lib/ruby/gems/1.8/gems/activerecord-2.1.0/lib/active_record/connection_adapters/mysql_adapter.rb:505:in `real_connect'
/usr/local/lib/ruby/gems/1.8/gems/activerecord-2.1.0/lib/active_record/connection_adapters/mysql_adapter.rb:505:in `connect'
/usr/local/lib/ruby/gems/1.8/gems/activerecord-2.1.0/lib/active_record/connection_adapters/mysql_adapter.rb:183:in `initialize'
/usr/local/lib/ruby/gems/1.8/gems/activerecord-2.1.0/lib/active_record/connection_adapters/mysql_adapter.rb:88:in `new'
/usr/local/lib/ruby/gems/1.8/gems/activerecord-2.1.0/lib/active_record/connection_adapters/mysql_adapter.rb:88:in `mysql_connection'
/usr/local/lib/ruby/gems/1.8/gems/activerecord-2.1.0/lib/active_record/connection_adapters/abstract/connection_specification.rb:292:in `send'
/usr/local/lib/ruby/gems/1.8/gems/activerecord-2.1.0/lib/active_record/connection_adapters/abstract/connection_specification.rb:292:in `connection='
/usr/local/lib/ruby/gems/1.8/gems/activerecord-2.1.0/lib/active_record/connection_adapters/abstract/connection_specification.rb:260:in `retrieve_connection'
/usr/local/lib/ruby/gems/1.8/gems/activerecord-2.1.0/lib/active_record/connection_adapters/abstract/connection_specification.rb:78:in `connection'
/usr/local/lib/ruby/gems/1.8/gems/activerecord-2.1.0/lib/active_record/base.rb:1145:in `columns'
/usr/local/lib/ruby/gems/1.8/gems/activerecord-2.1.0/lib/active_record/base.rb:1158:in `column_names'
/usr/local/lib/ruby/gems/1.8/gems/activerecord-2.1.0/lib/active_record/base.rb:1171:in `column_methods_hash'
/usr/local/lib/ruby/gems/1.8/gems/activerecord-2.1.0/lib/active_record/base.rb:1714:in `all_attributes_exists?'
/usr/local/lib/ruby/gems/1.8/gems/merb-core-0.9.5/lib/merb-core/controller/merb_controller.rb:265:in `all?'
/usr/local/lib/ruby/gems/1.8/gems/activerecord-2.1.0/lib/active_record/base.rb:1714:in `each'
/usr/local/lib/ruby/gems/1.8/gems/activerecord-2.1.0/lib/active_record/base.rb:1714:in `all?'
/usr/local/lib/ruby/gems/1.8/gems/activerecord-2.1.0/lib/active_record/base.rb:1714:in `all_attributes_exists?'
/usr/local/lib/ruby/gems/1.8/gems/activerecord-2.1.0/lib/active_record/base.rb:1613:in `method_missing'
/Users/light/rails/railstest/fix/pockygrandtour12/app/controllers/folders.rb:137:in `show'
/usr/local/lib/ruby/gems/1.8/gems/merb-core-0.9.5/lib/merb-core/controller/abstract_controller.rb:272:in `send'
/usr/local/lib/ruby/gems/1.8/gems/merb-core-0.9.5/lib/merb-core/controller/abstract_controller.rb:272:in `_call_action'
/usr/local/lib/ruby/gems/1.8/gems/merb-core-0.9.5/lib/merb-core/controller/abstract_controller.rb:252:in `_dispatch'
/usr/local/lib/ruby/gems/1.8/gems/merb-core-0.9.5/lib/merb-core/controller/merb_controller.rb:198:in `_dispatch'
/usr/local/lib/ruby/gems/1.8/gems/merb-core-0.9.5/lib/merb-core/dispatch/dispatcher.rb:115:in `dispatch_action'
/usr/local/lib/ruby/gems/1.8/gems/merb-core-0.9.5/lib/merb-core/dispatch/dispatcher.rb:115:in `synchronize'
/usr/local/lib/ruby/gems/1.8/gems/merb-core-0.9.5/lib/merb-core/dispatch/dispatcher.rb:115:in `dispatch_action'
/usr/local/lib/ruby/gems/1.8/gems/merb-core-0.9.5/lib/merb-core/dispatch/dispatcher.rb:61:in `handle'
/usr/local/lib/ruby/gems/1.8/gems/merb-core-0.9.5/lib/merb-core/dispatch/dispatcher.rb:29:in `handle'
/usr/local/lib/ruby/gems/1.8/gems/merb-core-0.9.5/lib/merb-core/rack/application.rb:7:in `call'
/usr/local/lib/ruby/gems/1.8/gems/merb-core-0.9.5/lib/merb-core/rack/middleware/static.rb:22:in `call'
/usr/local/lib/ruby/gems/1.8/gems/merb-core-0.9.5/lib/merb-core/rack/handler/mongrel.rb:72:in `process'
/usr/local/lib/ruby/gems/1.8/gems/mongrel-1.1.5/lib/mongrel.rb:159:in `process_client'
/usr/local/lib/ruby/gems/1.8/gems/mongrel-1.1.5/lib/mongrel.rb:158:in `each'
/usr/local/lib/ruby/gems/1.8/gems/mongrel-1.1.5/lib/mongrel.rb:158:in `process_client'
/usr/local/lib/ruby/gems/1.8/gems/mongrel-1.1.5/lib/mongrel.rb:285:in `run'
/usr/local/lib/ruby/gems/1.8/gems/mongrel-1.1.5/lib/mongrel.rb:285:in `initialize'
/usr/local/lib/ruby/gems/1.8/gems/mongrel-1.1.5/lib/mongrel.rb:285:in `new'
/usr/local/lib/ruby/gems/1.8/gems/mongrel-1.1.5/lib/mongrel.rb:285:in `run'
/usr/local/lib/ruby/gems/1.8/gems/mongrel-1.1.5/lib/mongrel.rb:268:in `initialize'
/usr/local/lib/ruby/gems/1.8/gems/mongrel-1.1.5/lib/mongrel.rb:268:in `new'
/usr/local/lib/ruby/gems/1.8/gems/mongrel-1.1.5/lib/mongrel.rb:268:in `run'
/usr/local/lib/ruby/gems/1.8/gems/merb-core-0.9.5/lib/merb-core/rack/adapter/mongrel.rb:22:in `start'
/usr/local/lib/ruby/gems/1.8/gems/merb-core-0.9.5/lib/merb-core/server.rb:53:in `start'
/usr/local/lib/ruby/gems/1.8/gems/merb-core-0.9.5/lib/merb-core.rb:91:in `start'
/usr/local/lib/ruby/gems/1.8/gems/merb-core-0.9.5/bin/merb:12
/usr/local/bin/merb:19:in `load'
/usr/local/bin/merb:19
 ~ No routes match the request: /stylesheets/xcommon.css - (Merb::ControllerExceptions::NotFound)
/usr/local/lib/ruby/gems/1.8/gems/merb-core-0.9.5/lib/merb-core/dispatch/router.rb:49:in `route_for'
/usr/local/lib/ruby/gems/1.8/gems/merb-core-0.9.5/lib/merb-core/dispatch/request.rb:97:in `find_route!'
/usr/local/lib/ruby/gems/1.8/gems/merb-core-0.9.5/lib/merb-core/dispatch/dispatcher.rb:43:in `handle'
/usr/local/lib/ruby/gems/1.8/gems/merb-core-0.9.5/lib/merb-core/dispatch/dispatcher.rb:29:in `handle'
/usr/local/lib/ruby/gems/1.8/gems/merb-core-0.9.5/lib/merb-core/rack/application.rb:7:in `call'
/usr/local/lib/ruby/gems/1.8/gems/merb-core-0.9.5/lib/merb-core/rack/middleware/static.rb:22:in `call'
/usr/local/lib/ruby/gems/1.8/gems/merb-core-0.9.5/lib/merb-core/rack/handler/mongrel.rb:72:in `process'
/usr/local/lib/ruby/gems/1.8/gems/mongrel-1.1.5/lib/mongrel.rb:159:in `process_client'
/usr/local/lib/ruby/gems/1.8/gems/mongrel-1.1.5/lib/mongrel.rb:158:in `each'
/usr/local/lib/ruby/gems/1.8/gems/mongrel-1.1.5/lib/mongrel.rb:158:in `process_client'
/usr/local/lib/ruby/gems/1.8/gems/mongrel-1.1.5/lib/mongrel.rb:285:in `run'
/usr/local/lib/ruby/gems/1.8/gems/mongrel-1.1.5/lib/mongrel.rb:285:in `initialize'
/usr/local/lib/ruby/gems/1.8/gems/mongrel-1.1.5/lib/mongrel.rb:285:in `new'
/usr/local/lib/ruby/gems/1.8/gems/mongrel-1.1.5/lib/mongrel.rb:285:in `run'
/usr/local/lib/ruby/gems/1.8/gems/mongrel-1.1.5/lib/mongrel.rb:268:in `initialize'
/usr/local/lib/ruby/gems/1.8/gems/mongrel-1.1.5/lib/mongrel.rb:268:in `new'
/usr/local/lib/ruby/gems/1.8/gems/mongrel-1.1.5/lib/mongrel.rb:268:in `run'
/usr/local/lib/ruby/gems/1.8/gems/merb-core-0.9.5/lib/merb-core/rack/adapter/mongrel.rb:22:in `start'
/usr/local/lib/ruby/gems/1.8/gems/merb-core-0.9.5/lib/merb-core/server.rb:53:in `start'
/usr/local/lib/ruby/gems/1.8/gems/merb-core-0.9.5/lib/merb-core.rb:91:in `start'
/usr/local/lib/ruby/gems/1.8/gems/merb-core-0.9.5/bin/merb:12
/usr/local/bin/merb:19:in `load'
/usr/local/bin/merb:19
 ~ No routes match the request: /stylesheets/xworkon.css - (Merb::ControllerExceptions::NotFound)
/usr/local/lib/ruby/gems/1.8/gems/merb-core-0.9.5/lib/merb-core/dispatch/router.rb:49:in `route_for'
/usr/local/lib/ruby/gems/1.8/gems/merb-core-0.9.5/lib/merb-core/dispatch/request.rb:97:in `find_route!'
/usr/local/lib/ruby/gems/1.8/gems/merb-core-0.9.5/lib/merb-core/dispatch/dispatcher.rb:43:in `handle'
/usr/local/lib/ruby/gems/1.8/gems/merb-core-0.9.5/lib/merb-core/dispatch/dispatcher.rb:29:in `handle'
/usr/local/lib/ruby/gems/1.8/gems/merb-core-0.9.5/lib/merb-core/rack/application.rb:7:in `call'
/usr/local/lib/ruby/gems/1.8/gems/merb-core-0.9.5/lib/merb-core/rack/middleware/static.rb:22:in `call'
/usr/local/lib/ruby/gems/1.8/gems/merb-core-0.9.5/lib/merb-core/rack/handler/mongrel.rb:72:in `process'
/usr/local/lib/ruby/gems/1.8/gems/mongrel-1.1.5/lib/mongrel.rb:159:in `process_client'
/usr/local/lib/ruby/gems/1.8/gems/mongrel-1.1.5/lib/mongrel.rb:158:in `each'
/usr/local/lib/ruby/gems/1.8/gems/mongrel-1.1.5/lib/mongrel.rb:158:in `process_client'
/usr/local/lib/ruby/gems/1.8/gems/mongrel-1.1.5/lib/mongrel.rb:285:in `run'
/usr/local/lib/ruby/gems/1.8/gems/mongrel-1.1.5/lib/mongrel.rb:285:in `initialize'
/usr/local/lib/ruby/gems/1.8/gems/mongrel-1.1.5/lib/mongrel.rb:285:in `new'
/usr/local/lib/ruby/gems/1.8/gems/mongrel-1.1.5/lib/mongrel.rb:285:in `run'
/usr/local/lib/ruby/gems/1.8/gems/mongrel-1.1.5/lib/mongrel.rb:268:in `initialize'
/usr/local/lib/ruby/gems/1.8/gems/mongrel-1.1.5/lib/mongrel.rb:268:in `new'
/usr/local/lib/ruby/gems/1.8/gems/mongrel-1.1.5/lib/mongrel.rb:268:in `run'
/usr/local/lib/ruby/gems/1.8/gems/merb-core-0.9.5/lib/merb-core/rack/adapter/mongrel.rb:22:in `start'
/usr/local/lib/ruby/gems/1.8/gems/merb-core-0.9.5/lib/merb-core/server.rb:53:in `start'
/usr/local/lib/ruby/gems/1.8/gems/merb-core-0.9.5/lib/merb-core.rb:91:in `start'
/usr/local/lib/ruby/gems/1.8/gems/merb-core-0.9.5/bin/merb:12
/usr/local/bin/merb:19:in `load'
/usr/local/bin/merb:19
 ~ No routes match the request: /css/xreset.css - (Merb::ControllerExceptions::NotFound)
/usr/local/lib/ruby/gems/1.8/gems/merb-core-0.9.5/lib/merb-core/dispatch/router.rb:49:in `route_for'
/usr/local/lib/ruby/gems/1.8/gems/merb-core-0.9.5/lib/merb-core/dispatch/request.rb:97:in `find_route!'
/usr/local/lib/ruby/gems/1.8/gems/merb-core-0.9.5/lib/merb-core/dispatch/dispatcher.rb:43:in `handle'
/usr/local/lib/ruby/gems/1.8/gems/merb-core-0.9.5/lib/merb-core/dispatch/dispatcher.rb:29:in `handle'
/usr/local/lib/ruby/gems/1.8/gems/merb-core-0.9.5/lib/merb-core/rack/application.rb:7:in `call'
/usr/local/lib/ruby/gems/1.8/gems/merb-core-0.9.5/lib/merb-core/rack/middleware/static.rb:22:in `call'
/usr/local/lib/ruby/gems/1.8/gems/merb-core-0.9.5/lib/merb-core/rack/handler/mongrel.rb:72:in `process'
/usr/local/lib/ruby/gems/1.8/gems/mongrel-1.1.5/lib/mongrel.rb:159:in `process_client'
/usr/local/lib/ruby/gems/1.8/gems/mongrel-1.1.5/lib/mongrel.rb:158:in `each'
/usr/local/lib/ruby/gems/1.8/gems/mongrel-1.1.5/lib/mongrel.rb:158:in `process_client'
/usr/local/lib/ruby/gems/1.8/gems/mongrel-1.1.5/lib/mongrel.rb:285:in `run'
/usr/local/lib/ruby/gems/1.8/gems/mongrel-1.1.5/lib/mongrel.rb:285:in `initialize'
/usr/local/lib/ruby/gems/1.8/gems/mongrel-1.1.5/lib/mongrel.rb:285:in `new'
/usr/local/lib/ruby/gems/1.8/gems/mongrel-1.1.5/lib/mongrel.rb:285:in `run'
/usr/local/lib/ruby/gems/1.8/gems/mongrel-1.1.5/lib/mongrel.rb:268:in `initialize'
/usr/local/lib/ruby/gems/1.8/gems/mongrel-1.1.5/lib/mongrel.rb:268:in `new'
/usr/local/lib/ruby/gems/1.8/gems/mongrel-1.1.5/lib/mongrel.rb:268:in `run'
/usr/local/lib/ruby/gems/1.8/gems/merb-core-0.9.5/lib/merb-core/rack/adapter/mongrel.rb:22:in `start'
/usr/local/lib/ruby/gems/1.8/gems/merb-core-0.9.5/lib/merb-core/server.rb:53:in `start'
/usr/local/lib/ruby/gems/1.8/gems/merb-core-0.9.5/lib/merb-core.rb:91:in `start'
/usr/local/lib/ruby/gems/1.8/gems/merb-core-0.9.5/bin/merb:12
/usr/local/bin/merb:19:in `load'
/usr/local/bin/merb:19
 ~ No routes match the request: /css/xtext.css - (Merb::ControllerExceptions::NotFound)
/usr/local/lib/ruby/gems/1.8/gems/merb-core-0.9.5/lib/merb-core/dispatch/router.rb:49:in `route_for'
/usr/local/lib/ruby/gems/1.8/gems/merb-core-0.9.5/lib/merb-core/dispatch/request.rb:97:in `find_route!'
/usr/local/lib/ruby/gems/1.8/gems/merb-core-0.9.5/lib/merb-core/dispatch/dispatcher.rb:43:in `handle'
/usr/local/lib/ruby/gems/1.8/gems/merb-core-0.9.5/lib/merb-core/dispatch/dispatcher.rb:29:in `handle'
/usr/local/lib/ruby/gems/1.8/gems/merb-core-0.9.5/lib/merb-core/rack/application.rb:7:in `call'
/usr/local/lib/ruby/gems/1.8/gems/merb-core-0.9.5/lib/merb-core/rack/middleware/static.rb:22:in `call'
/usr/local/lib/ruby/gems/1.8/gems/merb-core-0.9.5/lib/merb-core/rack/handler/mongrel.rb:72:in `process'
/usr/local/lib/ruby/gems/1.8/gems/mongrel-1.1.5/lib/mongrel.rb:159:in `process_client'
/usr/local/lib/ruby/gems/1.8/gems/mongrel-1.1.5/lib/mongrel.rb:158:in `each'
/usr/local/lib/ruby/gems/1.8/gems/mongrel-1.1.5/lib/mongrel.rb:158:in `process_client'
/usr/local/lib/ruby/gems/1.8/gems/mongrel-1.1.5/lib/mongrel.rb:285:in `run'
/usr/local/lib/ruby/gems/1.8/gems/mongrel-1.1.5/lib/mongrel.rb:285:in `initialize'
/usr/local/lib/ruby/gems/1.8/gems/mongrel-1.1.5/lib/mongrel.rb:285:in `new'
/usr/local/lib/ruby/gems/1.8/gems/mongrel-1.1.5/lib/mongrel.rb:285:in `run'
/usr/local/lib/ruby/gems/1.8/gems/mongrel-1.1.5/lib/mongrel.rb:268:in `initialize'
/usr/local/lib/ruby/gems/1.8/gems/mongrel-1.1.5/lib/mongrel.rb:268:in `new'
/usr/local/lib/ruby/gems/1.8/gems/mongrel-1.1.5/lib/mongrel.rb:268:in `run'
/usr/local/lib/ruby/gems/1.8/gems/merb-core-0.9.5/lib/merb-core/rack/adapter/mongrel.rb:22:in `start'
/usr/local/lib/ruby/gems/1.8/gems/merb-core-0.9.5/lib/merb-core/server.rb:53:in `start'
/usr/local/lib/ruby/gems/1.8/gems/merb-core-0.9.5/lib/merb-core.rb:91:in `start'
/usr/local/lib/ruby/gems/1.8/gems/merb-core-0.9.5/bin/merb:12
/usr/local/bin/merb:19:in `load'
/usr/local/bin/merb:19
 ~ No routes match the request: /css/x960.css - (Merb::ControllerExceptions::NotFound)
/usr/local/lib/ruby/gems/1.8/gems/merb-core-0.9.5/lib/merb-core/dispatch/router.rb:49:in `route_for'
/usr/local/lib/ruby/gems/1.8/gems/merb-core-0.9.5/lib/merb-core/dispatch/request.rb:97:in `find_route!'
/usr/local/lib/ruby/gems/1.8/gems/merb-core-0.9.5/lib/merb-core/dispatch/dispatcher.rb:43:in `handle'
/usr/local/lib/ruby/gems/1.8/gems/merb-core-0.9.5/lib/merb-core/dispatch/dispatcher.rb:29:in `handle'
/usr/local/lib/ruby/gems/1.8/gems/merb-core-0.9.5/lib/merb-core/rack/application.rb:7:in `call'
/usr/local/lib/ruby/gems/1.8/gems/merb-core-0.9.5/lib/merb-core/rack/middleware/static.rb:22:in `call'
/usr/local/lib/ruby/gems/1.8/gems/merb-core-0.9.5/lib/merb-core/rack/handler/mongrel.rb:72:in `process'
/usr/local/lib/ruby/gems/1.8/gems/mongrel-1.1.5/lib/mongrel.rb:159:in `process_client'
/usr/local/lib/ruby/gems/1.8/gems/mongrel-1.1.5/lib/mongrel.rb:158:in `each'
/usr/local/lib/ruby/gems/1.8/gems/mongrel-1.1.5/lib/mongrel.rb:158:in `process_client'
/usr/local/lib/ruby/gems/1.8/gems/mongrel-1.1.5/lib/mongrel.rb:285:in `run'
/usr/local/lib/ruby/gems/1.8/gems/mongrel-1.1.5/lib/mongrel.rb:285:in `initialize'
/usr/local/lib/ruby/gems/1.8/gems/mongrel-1.1.5/lib/mongrel.rb:285:in `new'
/usr/local/lib/ruby/gems/1.8/gems/mongrel-1.1.5/lib/mongrel.rb:285:in `run'
/usr/local/lib/ruby/gems/1.8/gems/mongrel-1.1.5/lib/mongrel.rb:268:in `initialize'
/usr/local/lib/ruby/gems/1.8/gems/mongrel-1.1.5/lib/mongrel.rb:268:in `new'
/usr/local/lib/ruby/gems/1.8/gems/mongrel-1.1.5/lib/mongrel.rb:268:in `run'
/usr/local/lib/ruby/gems/1.8/gems/merb-core-0.9.5/lib/merb-core/rack/adapter/mongrel.rb:22:in `start'
/usr/local/lib/ruby/gems/1.8/gems/merb-core-0.9.5/lib/merb-core/server.rb:53:in `start'
/usr/local/lib/ruby/gems/1.8/gems/merb-core-0.9.5/lib/merb-core.rb:91:in `start'
/usr/local/lib/ruby/gems/1.8/gems/merb-core-0.9.5/bin/merb:12
/usr/local/bin/merb:19:in `load'
/usr/local/bin/merb:19
 ~ No routes match the request: /css/xSqueezeBox.css - (Merb::ControllerExceptions::NotFound)
/usr/local/lib/ruby/gems/1.8/gems/merb-core-0.9.5/lib/merb-core/dispatch/router.rb:49:in `route_for'
/usr/local/lib/ruby/gems/1.8/gems/merb-core-0.9.5/lib/merb-core/dispatch/request.rb:97:in `find_route!'
/usr/local/lib/ruby/gems/1.8/gems/merb-core-0.9.5/lib/merb-core/dispatch/dispatcher.rb:43:in `handle'
/usr/local/lib/ruby/gems/1.8/gems/merb-core-0.9.5/lib/merb-core/dispatch/dispatcher.rb:29:in `handle'
/usr/local/lib/ruby/gems/1.8/gems/merb-core-0.9.5/lib/merb-core/rack/application.rb:7:in `call'
/usr/local/lib/ruby/gems/1.8/gems/merb-core-0.9.5/lib/merb-core/rack/middleware/static.rb:22:in `call'
/usr/local/lib/ruby/gems/1.8/gems/merb-core-0.9.5/lib/merb-core/rack/handler/mongrel.rb:72:in `process'
/usr/local/lib/ruby/gems/1.8/gems/mongrel-1.1.5/lib/mongrel.rb:159:in `process_client'
/usr/local/lib/ruby/gems/1.8/gems/mongrel-1.1.5/lib/mongrel.rb:158:in `each'
/usr/local/lib/ruby/gems/1.8/gems/mongrel-1.1.5/lib/mongrel.rb:158:in `process_client'
/usr/local/lib/ruby/gems/1.8/gems/mongrel-1.1.5/lib/mongrel.rb:285:in `run'
/usr/local/lib/ruby/gems/1.8/gems/mongrel-1.1.5/lib/mongrel.rb:285:in `initialize'
/usr/local/lib/ruby/gems/1.8/gems/mongrel-1.1.5/lib/mongrel.rb:285:in `new'
/usr/local/lib/ruby/gems/1.8/gems/mongrel-1.1.5/lib/mongrel.rb:285:in `run'
/usr/local/lib/ruby/gems/1.8/gems/mongrel-1.1.5/lib/mongrel.rb:268:in `initialize'
/usr/local/lib/ruby/gems/1.8/gems/mongrel-1.1.5/lib/mongrel.rb:268:in `new'
/usr/local/lib/ruby/gems/1.8/gems/mongrel-1.1.5/lib/mongrel.rb:268:in `run'
/usr/local/lib/ruby/gems/1.8/gems/merb-core-0.9.5/lib/merb-core/rack/adapter/mongrel.rb:22:in `start'
/usr/local/lib/ruby/gems/1.8/gems/merb-core-0.9.5/lib/merb-core/server.rb:53:in `start'
/usr/local/lib/ruby/gems/1.8/gems/merb-core-0.9.5/lib/merb-core.rb:91:in `start'
/usr/local/lib/ruby/gems/1.8/gems/merb-core-0.9.5/bin/merb:12
/usr/local/bin/merb:19:in `load'
/usr/local/bin/merb:19
 ~ No routes match the request: /javascripts/swiff/Swiff.Base.js - (Merb::ControllerExceptions::NotFound)
/usr/local/lib/ruby/gems/1.8/gems/merb-core-0.9.5/lib/merb-core/dispatch/router.rb:49:in `route_for'
/usr/local/lib/ruby/gems/1.8/gems/merb-core-0.9.5/lib/merb-core/dispatch/request.rb:97:in `find_route!'
/usr/local/lib/ruby/gems/1.8/gems/merb-core-0.9.5/lib/merb-core/dispatch/dispatcher.rb:43:in `handle'
/usr/local/lib/ruby/gems/1.8/gems/merb-core-0.9.5/lib/merb-core/dispatch/dispatcher.rb:29:in `handle'
/usr/local/lib/ruby/gems/1.8/gems/merb-core-0.9.5/lib/merb-core/rack/application.rb:7:in `call'
/usr/local/lib/ruby/gems/1.8/gems/merb-core-0.9.5/lib/merb-core/rack/middleware/static.rb:22:in `call'
/usr/local/lib/ruby/gems/1.8/gems/merb-core-0.9.5/lib/merb-core/rack/handler/mongrel.rb:72:in `process'
/usr/local/lib/ruby/gems/1.8/gems/mongrel-1.1.5/lib/mongrel.rb:159:in `process_client'
/usr/local/lib/ruby/gems/1.8/gems/mongrel-1.1.5/lib/mongrel.rb:158:in `each'
/usr/local/lib/ruby/gems/1.8/gems/mongrel-1.1.5/lib/mongrel.rb:158:in `process_client'
/usr/local/lib/ruby/gems/1.8/gems/mongrel-1.1.5/lib/mongrel.rb:285:in `run'
/usr/local/lib/ruby/gems/1.8/gems/mongrel-1.1.5/lib/mongrel.rb:285:in `initialize'
/usr/local/lib/ruby/gems/1.8/gems/mongrel-1.1.5/lib/mongrel.rb:285:in `new'
/usr/local/lib/ruby/gems/1.8/gems/mongrel-1.1.5/lib/mongrel.rb:285:in `run'
/usr/local/lib/ruby/gems/1.8/gems/mongrel-1.1.5/lib/mongrel.rb:268:in `initialize'
/usr/local/lib/ruby/gems/1.8/gems/mongrel-1.1.5/lib/mongrel.rb:268:in `new'
/usr/local/lib/ruby/gems/1.8/gems/mongrel-1.1.5/lib/mongrel.rb:268:in `run'
/usr/local/lib/ruby/gems/1.8/gems/merb-core-0.9.5/lib/merb-core/rack/adapter/mongrel.rb:22:in `start'
/usr/local/lib/ruby/gems/1.8/gems/merb-core-0.9.5/lib/merb-core/server.rb:53:in `start'
/usr/local/lib/ruby/gems/1.8/gems/merb-core-0.9.5/lib/merb-core.rb:91:in `start'
/usr/local/lib/ruby/gems/1.8/gems/merb-core-0.9.5/bin/merb:12
/usr/local/bin/merb:19:in `load'
/usr/local/bin/merb:19
 ~ No routes match the request: /images/group_grey.png - (Merb::ControllerExceptions::NotFound)
/usr/local/lib/ruby/gems/1.8/gems/merb-core-0.9.5/lib/merb-core/dispatch/router.rb:49:in `route_for'
/usr/local/lib/ruby/gems/1.8/gems/merb-core-0.9.5/lib/merb-core/dispatch/request.rb:97:in `find_route!'
/usr/local/lib/ruby/gems/1.8/gems/merb-core-0.9.5/lib/merb-core/dispatch/dispatcher.rb:43:in `handle'
/usr/local/lib/ruby/gems/1.8/gems/merb-core-0.9.5/lib/merb-core/dispatch/dispatcher.rb:29:in `handle'
/usr/local/lib/ruby/gems/1.8/gems/merb-core-0.9.5/lib/merb-core/rack/application.rb:7:in `call'
/usr/local/lib/ruby/gems/1.8/gems/merb-core-0.9.5/lib/merb-core/rack/middleware/static.rb:22:in `call'
/usr/local/lib/ruby/gems/1.8/gems/merb-core-0.9.5/lib/merb-core/rack/handler/mongrel.rb:72:in `process'
/usr/local/lib/ruby/gems/1.8/gems/mongrel-1.1.5/lib/mongrel.rb:159:in `process_client'
/usr/local/lib/ruby/gems/1.8/gems/mongrel-1.1.5/lib/mongrel.rb:158:in `each'
/usr/local/lib/ruby/gems/1.8/gems/mongrel-1.1.5/lib/mongrel.rb:158:in `process_client'
/usr/local/lib/ruby/gems/1.8/gems/mongrel-1.1.5/lib/mongrel.rb:285:in `run'
/usr/local/lib/ruby/gems/1.8/gems/mongrel-1.1.5/lib/mongrel.rb:285:in `initialize'
/usr/local/lib/ruby/gems/1.8/gems/mongrel-1.1.5/lib/mongrel.rb:285:in `new'
/usr/local/lib/ruby/gems/1.8/gems/mongrel-1.1.5/lib/mongrel.rb:285:in `run'
/usr/local/lib/ruby/gems/1.8/gems/mongrel-1.1.5/lib/mongrel.rb:268:in `initialize'
/usr/local/lib/ruby/gems/1.8/gems/mongrel-1.1.5/lib/mongrel.rb:268:in `new'
/usr/local/lib/ruby/gems/1.8/gems/mongrel-1.1.5/lib/mongrel.rb:268:in `run'
/usr/local/lib/ruby/gems/1.8/gems/merb-core-0.9.5/lib/merb-core/rack/adapter/mongrel.rb:22:in `start'
/usr/local/lib/ruby/gems/1.8/gems/merb-core-0.9.5/lib/merb-core/server.rb:53:in `start'
/usr/local/lib/ruby/gems/1.8/gems/merb-core-0.9.5/lib/merb-core.rb:91:in `start'
/usr/local/lib/ruby/gems/1.8/gems/merb-core-0.9.5/bin/merb:12
/usr/local/bin/merb:19:in `load'
/usr/local/bin/merb:19
 ~ No routes match the request: /images/group.png - (Merb::ControllerExceptions::NotFound)
/usr/local/lib/ruby/gems/1.8/gems/merb-core-0.9.5/lib/merb-core/dispatch/router.rb:49:in `route_for'
/usr/local/lib/ruby/gems/1.8/gems/merb-core-0.9.5/lib/merb-core/dispatch/request.rb:97:in `find_route!'
/usr/local/lib/ruby/gems/1.8/gems/merb-core-0.9.5/lib/merb-core/dispatch/dispatcher.rb:43:in `handle'
/usr/local/lib/ruby/gems/1.8/gems/merb-core-0.9.5/lib/merb-core/dispatch/dispatcher.rb:29:in `handle'
/usr/local/lib/ruby/gems/1.8/gems/merb-core-0.9.5/lib/merb-core/rack/application.rb:7:in `call'
/usr/local/lib/ruby/gems/1.8/gems/merb-core-0.9.5/lib/merb-core/rack/middleware/static.rb:22:in `call'
/usr/local/lib/ruby/gems/1.8/gems/merb-core-0.9.5/lib/merb-core/rack/handler/mongrel.rb:72:in `process'
/usr/local/lib/ruby/gems/1.8/gems/mongrel-1.1.5/lib/mongrel.rb:159:in `process_client'
/usr/local/lib/ruby/gems/1.8/gems/mongrel-1.1.5/lib/mongrel.rb:158:in `each'
/usr/local/lib/ruby/gems/1.8/gems/mongrel-1.1.5/lib/mongrel.rb:158:in `process_client'
/usr/local/lib/ruby/gems/1.8/gems/mongrel-1.1.5/lib/mongrel.rb:285:in `run'
/usr/local/lib/ruby/gems/1.8/gems/mongrel-1.1.5/lib/mongrel.rb:285:in `initialize'
/usr/local/lib/ruby/gems/1.8/gems/mongrel-1.1.5/lib/mongrel.rb:285:in `new'
/usr/local/lib/ruby/gems/1.8/gems/mongrel-1.1.5/lib/mongrel.rb:285:in `run'
/usr/local/lib/ruby/gems/1.8/gems/mongrel-1.1.5/lib/mongrel.rb:268:in `initialize'
/usr/local/lib/ruby/gems/1.8/gems/mongrel-1.1.5/lib/mongrel.rb:268:in `new'
/usr/local/lib/ruby/gems/1.8/gems/mongrel-1.1.5/lib/mongrel.rb:268:in `run'
/usr/local/lib/ruby/gems/1.8/gems/merb-core-0.9.5/lib/merb-core/rack/adapter/mongrel.rb:22:in `start'
/usr/local/lib/ruby/gems/1.8/gems/merb-core-0.9.5/lib/merb-core/server.rb:53:in `start'
/usr/local/lib/ruby/gems/1.8/gems/merb-core-0.9.5/lib/merb-core.rb:91:in `start'
/usr/local/lib/ruby/gems/1.8/gems/merb-core-0.9.5/bin/merb:12
/usr/local/bin/merb:19:in `load'
/usr/local/bin/merb:19
 ~ No routes match the request: /images/wolf.png - (Merb::ControllerExceptions::NotFound)
/usr/local/lib/ruby/gems/1.8/gems/merb-core-0.9.5/lib/merb-core/dispatch/router.rb:49:in `route_for'
/usr/local/lib/ruby/gems/1.8/gems/merb-core-0.9.5/lib/merb-core/dispatch/request.rb:97:in `find_route!'
/usr/local/lib/ruby/gems/1.8/gems/merb-core-0.9.5/lib/merb-core/dispatch/dispatcher.rb:43:in `handle'
/usr/local/lib/ruby/gems/1.8/gems/merb-core-0.9.5/lib/merb-core/dispatch/dispatcher.rb:29:in `handle'
/usr/local/lib/ruby/gems/1.8/gems/merb-core-0.9.5/lib/merb-core/rack/application.rb:7:in `call'
/usr/local/lib/ruby/gems/1.8/gems/merb-core-0.9.5/lib/merb-core/rack/middleware/static.rb:22:in `call'
/usr/local/lib/ruby/gems/1.8/gems/merb-core-0.9.5/lib/merb-core/rack/handler/mongrel.rb:72:in `process'
/usr/local/lib/ruby/gems/1.8/gems/mongrel-1.1.5/lib/mongrel.rb:159:in `process_client'
/usr/local/lib/ruby/gems/1.8/gems/mongrel-1.1.5/lib/mongrel.rb:158:in `each'
/usr/local/lib/ruby/gems/1.8/gems/mongrel-1.1.5/lib/mongrel.rb:158:in `process_client'
/usr/local/lib/ruby/gems/1.8/gems/mongrel-1.1.5/lib/mongrel.rb:285:in `run'
/usr/local/lib/ruby/gems/1.8/gems/mongrel-1.1.5/lib/mongrel.rb:285:in `initialize'
/usr/local/lib/ruby/gems/1.8/gems/mongrel-1.1.5/lib/mongrel.rb:285:in `new'
/usr/local/lib/ruby/gems/1.8/gems/mongrel-1.1.5/lib/mongrel.rb:285:in `run'
/usr/local/lib/ruby/gems/1.8/gems/mongrel-1.1.5/lib/mongrel.rb:268:in `initialize'
/usr/local/lib/ruby/gems/1.8/gems/mongrel-1.1.5/lib/mongrel.rb:268:in `new'
/usr/local/lib/ruby/gems/1.8/gems/mongrel-1.1.5/lib/mongrel.rb:268:in `run'
/usr/local/lib/ruby/gems/1.8/gems/merb-core-0.9.5/lib/merb-core/rack/adapter/mongrel.rb:22:in `start'
/usr/local/lib/ruby/gems/1.8/gems/merb-core-0.9.5/lib/merb-core/server.rb:53:in `start'
/usr/local/lib/ruby/gems/1.8/gems/merb-core-0.9.5/lib/merb-core.rb:91:in `start'
/usr/local/lib/ruby/gems/1.8/gems/merb-core-0.9.5/bin/merb:12
/usr/local/bin/merb:19:in `load'
/usr/local/bin/merb:19
 ~ No routes match the request: /images/film.jpg - (Merb::ControllerExceptions::NotFound)
/usr/local/lib/ruby/gems/1.8/gems/merb-core-0.9.5/lib/merb-core/dispatch/router.rb:49:in `route_for'
/usr/local/lib/ruby/gems/1.8/gems/merb-core-0.9.5/lib/merb-core/dispatch/request.rb:97:in `find_route!'
/usr/local/lib/ruby/gems/1.8/gems/merb-core-0.9.5/lib/merb-core/dispatch/dispatcher.rb:43:in `handle'
/usr/local/lib/ruby/gems/1.8/gems/merb-core-0.9.5/lib/merb-core/dispatch/dispatcher.rb:29:in `handle'
/usr/local/lib/ruby/gems/1.8/gems/merb-core-0.9.5/lib/merb-core/rack/application.rb:7:in `call'
/usr/local/lib/ruby/gems/1.8/gems/merb-core-0.9.5/lib/merb-core/rack/middleware/static.rb:22:in `call'
/usr/local/lib/ruby/gems/1.8/gems/merb-core-0.9.5/lib/merb-core/rack/handler/mongrel.rb:72:in `process'
/usr/local/lib/ruby/gems/1.8/gems/mongrel-1.1.5/lib/mongrel.rb:159:in `process_client'
/usr/local/lib/ruby/gems/1.8/gems/mongrel-1.1.5/lib/mongrel.rb:158:in `each'
/usr/local/lib/ruby/gems/1.8/gems/mongrel-1.1.5/lib/mongrel.rb:158:in `process_client'
/usr/local/lib/ruby/gems/1.8/gems/mongrel-1.1.5/lib/mongrel.rb:285:in `run'
/usr/local/lib/ruby/gems/1.8/gems/mongrel-1.1.5/lib/mongrel.rb:285:in `initialize'
/usr/local/lib/ruby/gems/1.8/gems/mongrel-1.1.5/lib/mongrel.rb:285:in `new'
/usr/local/lib/ruby/gems/1.8/gems/mongrel-1.1.5/lib/mongrel.rb:285:in `run'
/usr/local/lib/ruby/gems/1.8/gems/mongrel-1.1.5/lib/mongrel.rb:268:in `initialize'
/usr/local/lib/ruby/gems/1.8/gems/mongrel-1.1.5/lib/mongrel.rb:268:in `new'
/usr/local/lib/ruby/gems/1.8/gems/mongrel-1.1.5/lib/mongrel.rb:268:in `run'
/usr/local/lib/ruby/gems/1.8/gems/merb-core-0.9.5/lib/merb-core/rack/adapter/mongrel.rb:22:in `start'
/usr/local/lib/ruby/gems/1.8/gems/merb-core-0.9.5/lib/merb-core/server.rb:53:in `start'
/usr/local/lib/ruby/gems/1.8/gems/merb-core-0.9.5/lib/merb-core.rb:91:in `start'
/usr/local/lib/ruby/gems/1.8/gems/merb-core-0.9.5/bin/merb:12
/usr/local/bin/merb:19:in `load'
/usr/local/bin/merb:19
 ~ No routes match the request: /images/dots.png - (Merb::ControllerExceptions::NotFound)
/usr/local/lib/ruby/gems/1.8/gems/merb-core-0.9.5/lib/merb-core/dispatch/router.rb:49:in `route_for'
/usr/local/lib/ruby/gems/1.8/gems/merb-core-0.9.5/lib/merb-core/dispatch/request.rb:97:in `find_route!'
/usr/local/lib/ruby/gems/1.8/gems/merb-core-0.9.5/lib/merb-core/dispatch/dispatcher.rb:43:in `handle'
/usr/local/lib/ruby/gems/1.8/gems/merb-core-0.9.5/lib/merb-core/dispatch/dispatcher.rb:29:in `handle'
/usr/local/lib/ruby/gems/1.8/gems/merb-core-0.9.5/lib/merb-core/rack/application.rb:7:in `call'
/usr/local/lib/ruby/gems/1.8/gems/merb-core-0.9.5/lib/merb-core/rack/middleware/static.rb:22:in `call'
/usr/local/lib/ruby/gems/1.8/gems/merb-core-0.9.5/lib/merb-core/rack/handler/mongrel.rb:72:in `process'
/usr/local/lib/ruby/gems/1.8/gems/mongrel-1.1.5/lib/mongrel.rb:159:in `process_client'
/usr/local/lib/ruby/gems/1.8/gems/mongrel-1.1.5/lib/mongrel.rb:158:in `each'
/usr/local/lib/ruby/gems/1.8/gems/mongrel-1.1.5/lib/mongrel.rb:158:in `process_client'
/usr/local/lib/ruby/gems/1.8/gems/mongrel-1.1.5/lib/mongrel.rb:285:in `run'
/usr/local/lib/ruby/gems/1.8/gems/mongrel-1.1.5/lib/mongrel.rb:285:in `initialize'
/usr/local/lib/ruby/gems/1.8/gems/mongrel-1.1.5/lib/mongrel.rb:285:in `new'
/usr/local/lib/ruby/gems/1.8/gems/mongrel-1.1.5/lib/mongrel.rb:285:in `run'
/usr/local/lib/ruby/gems/1.8/gems/mongrel-1.1.5/lib/mongrel.rb:268:in `initialize'
/usr/local/lib/ruby/gems/1.8/gems/mongrel-1.1.5/lib/mongrel.rb:268:in `new'
/usr/local/lib/ruby/gems/1.8/gems/mongrel-1.1.5/lib/mongrel.rb:268:in `run'
/usr/local/lib/ruby/gems/1.8/gems/merb-core-0.9.5/lib/merb-core/rack/adapter/mongrel.rb:22:in `start'
/usr/local/lib/ruby/gems/1.8/gems/merb-core-0.9.5/lib/merb-core/server.rb:53:in `start'
/usr/local/lib/ruby/gems/1.8/gems/merb-core-0.9.5/lib/merb-core.rb:91:in `start'
/usr/local/lib/ruby/gems/1.8/gems/merb-core-0.9.5/bin/merb:12
/usr/local/bin/merb:19:in `load'
/usr/local/bin/merb:19
